

============================== 2022-07-21 12:50:05.000962 | 304e2eea-383e-4844-831c-62f72f67b2d1 ==============================
12:50:05.000962 [info ] [MainThread]: Running with dbt=1.1.1
12:50:05.002957 [debug] [MainThread]: running dbt with arguments {'write_json': True, 'use_colors': True, 'printer_width': 80, 'version_check': True, 'partial_parse': True, 'static_parser': True, 'profiles_dir': 'C:\\Users\\hp\\.dbt', 'send_anonymous_usage_stats': True, 'event_buffer_size': 100000, 'quiet': False, 'no_print': False, 'skip_profile_setup': False, 'which': 'init', 'indirect_selection': 'eager'}
12:50:05.003962 [debug] [MainThread]: Tracking: tracking
12:50:05.037958 [debug] [MainThread]: Sending event: {'category': 'dbt', 'action': 'invocation', 'label': 'start', 'context': [<snowplow_tracker.self_describing_json.SelfDescribingJson object at 0x000001C740FD8F70>, <snowplow_tracker.self_describing_json.SelfDescribingJson object at 0x000001C740FA3970>, <snowplow_tracker.self_describing_json.SelfDescribingJson object at 0x000001C740FA3FA0>]}
12:50:05.038958 [info ] [MainThread]: Creating dbt configuration folder at C:\Users\hp\.dbt
12:54:09.357295 [debug] [MainThread]: Starter project path: C:\Users\hp\Documents\GitHub\Data_Warehouse_ELT\dbt-project\dbt-env\lib\site-packages\dbt\include\starter_project
17:18:20.247332 [info ] [MainThread]: Profile data_warehouse written to C:\Users\hp\.dbt\profiles.yml using target's profile_template.yml and your supplied values. Run 'dbt debug' to validate the connection.
17:18:20.322638 [info ] [MainThread]: 
Your new dbt project "data_warehouse" was created!

For more information on how to configure the profiles.yml file,
please consult the dbt documentation here:

  https://docs.getdbt.com/docs/configure-your-profile

One more thing:

Need help? Don't hesitate to reach out to us via GitHub issues or on Slack:

  https://community.getdbt.com/

Happy modeling!

17:18:20.362400 [debug] [MainThread]: Sending event: {'category': 'dbt', 'action': 'invocation', 'label': 'end', 'context': [<snowplow_tracker.self_describing_json.SelfDescribingJson object at 0x000001C740FA0370>, <snowplow_tracker.self_describing_json.SelfDescribingJson object at 0x000001C740FA0E50>, <snowplow_tracker.self_describing_json.SelfDescribingJson object at 0x000001C740FA0D30>]}


============================== 2022-07-21 18:55:51.500797 | df15e116-5aae-46ba-b829-72da562cdd26 ==============================
18:55:51.500797 [info ] [MainThread]: Running with dbt=1.1.1
18:55:51.501798 [debug] [MainThread]: running dbt with arguments {'write_json': True, 'use_colors': True, 'printer_width': 80, 'version_check': True, 'partial_parse': True, 'static_parser': True, 'profiles_dir': 'C:\\Users\\hp\\.dbt', 'send_anonymous_usage_stats': True, 'event_buffer_size': 100000, 'quiet': False, 'no_print': False, 'config_dir': False, 'which': 'debug', 'indirect_selection': 'eager'}
18:55:51.502800 [debug] [MainThread]: Tracking: tracking
18:55:51.590802 [debug] [MainThread]: Sending event: {'category': 'dbt', 'action': 'invocation', 'label': 'start', 'context': [<snowplow_tracker.self_describing_json.SelfDescribingJson object at 0x0000024A762B11B0>, <snowplow_tracker.self_describing_json.SelfDescribingJson object at 0x0000024A762B1A20>, <snowplow_tracker.self_describing_json.SelfDescribingJson object at 0x0000024A762B1240>]}
18:55:52.887662 [debug] [MainThread]: Executing "git --help"
18:55:52.995665 [debug] [MainThread]: STDOUT: "b"usage: git [--version] [--help] [-C <path>] [-c <name>=<value>]\n           [--exec-path[=<path>]] [--html-path] [--man-path] [--info-path]\n           [-p | --paginate | -P | --no-pager] [--no-replace-objects] [--bare]\n           [--git-dir=<path>] [--work-tree=<path>] [--namespace=<name>]\n           [--super-prefix=<path>] [--config-env=<name>=<envvar>]\n           <command> [<args>]\n\nThese are common Git commands used in various situations:\n\nstart a working area (see also: git help tutorial)\n   clone     Clone a repository into a new directory\n   init      Create an empty Git repository or reinitialize an existing one\n\nwork on the current change (see also: git help everyday)\n   add       Add file contents to the index\n   mv        Move or rename a file, a directory, or a symlink\n   restore   Restore working tree files\n   rm        Remove files from the working tree and from the index\n\nexamine the history and state (see also: git help revisions)\n   bisect    Use binary search to find the commit that introduced a bug\n   diff      Show changes between commits, commit and working tree, etc\n   grep      Print lines matching a pattern\n   log       Show commit logs\n   show      Show various types of objects\n   status    Show the working tree status\n\ngrow, mark and tweak your common history\n   branch    List, create, or delete branches\n   commit    Record changes to the repository\n   merge     Join two or more development histories together\n   rebase    Reapply commits on top of another base tip\n   reset     Reset current HEAD to the specified state\n   switch    Switch branches\n   tag       Create, list, delete or verify a tag object signed with GPG\n\ncollaborate (see also: git help workflows)\n   fetch     Download objects and refs from another repository\n   pull      Fetch from and integrate with another repository or a local branch\n   push      Update remote refs along with associated objects\n\n'git help -a' and 'git help -g' list available subcommands and some\nconcept guides. See 'git help <command>' or 'git help <concept>'\nto read about a specific subcommand or concept.\nSee 'git help git' for an overview of the system.\n""
18:55:52.996666 [debug] [MainThread]: STDERR: "b''"
18:55:53.005669 [debug] [MainThread]: Acquiring new snowflake connection "debug"
18:55:53.006664 [debug] [MainThread]: Using snowflake connection "debug"
18:55:53.007667 [debug] [MainThread]: On debug: select 1 as id
18:55:53.007667 [debug] [MainThread]: Opening a new connection, currently in state init
18:55:56.217784 [debug] [MainThread]: Snowflake adapter: Got an error when attempting to open a snowflake connection. No retries attempted: '250001: Could not connect to Snowflake backend after 0 attempt(s).Aborting'
18:55:56.218788 [debug] [MainThread]: Snowflake adapter: Error running SQL: select 1 as id
18:55:56.218788 [debug] [MainThread]: Snowflake adapter: Rolling back transaction.
18:55:56.219785 [debug] [MainThread]: On debug: No close available on handle
18:55:56.224787 [debug] [MainThread]: Sending event: {'category': 'dbt', 'action': 'invocation', 'label': 'end', 'context': [<snowplow_tracker.self_describing_json.SelfDescribingJson object at 0x0000024A76F9E8C0>, <snowplow_tracker.self_describing_json.SelfDescribingJson object at 0x0000024A76FA5FC0>, <snowplow_tracker.self_describing_json.SelfDescribingJson object at 0x0000024A76FA56C0>]}
18:55:57.625021 [debug] [MainThread]: Connection 'debug' was properly closed.


============================== 2022-07-21 18:56:27.468674 | add24078-3378-46b8-b246-036a5ec36b81 ==============================
18:56:27.468674 [info ] [MainThread]: Running with dbt=1.1.1
18:56:27.469673 [debug] [MainThread]: running dbt with arguments {'write_json': True, 'use_colors': True, 'printer_width': 80, 'version_check': True, 'partial_parse': True, 'static_parser': True, 'profiles_dir': 'C:\\Users\\hp\\.dbt', 'send_anonymous_usage_stats': True, 'event_buffer_size': 100000, 'quiet': False, 'no_print': False, 'config_dir': False, 'which': 'debug', 'indirect_selection': 'eager'}
18:56:27.470675 [debug] [MainThread]: Tracking: tracking
18:56:27.516676 [debug] [MainThread]: Sending event: {'category': 'dbt', 'action': 'invocation', 'label': 'start', 'context': [<snowplow_tracker.self_describing_json.SelfDescribingJson object at 0x000001E5B4841180>, <snowplow_tracker.self_describing_json.SelfDescribingJson object at 0x000001E5B4841840>, <snowplow_tracker.self_describing_json.SelfDescribingJson object at 0x000001E5B4841210>]}
18:56:28.568049 [debug] [MainThread]: Executing "git --help"
18:56:28.718041 [debug] [MainThread]: STDOUT: "b"usage: git [--version] [--help] [-C <path>] [-c <name>=<value>]\n           [--exec-path[=<path>]] [--html-path] [--man-path] [--info-path]\n           [-p | --paginate | -P | --no-pager] [--no-replace-objects] [--bare]\n           [--git-dir=<path>] [--work-tree=<path>] [--namespace=<name>]\n           [--super-prefix=<path>] [--config-env=<name>=<envvar>]\n           <command> [<args>]\n\nThese are common Git commands used in various situations:\n\nstart a working area (see also: git help tutorial)\n   clone     Clone a repository into a new directory\n   init      Create an empty Git repository or reinitialize an existing one\n\nwork on the current change (see also: git help everyday)\n   add       Add file contents to the index\n   mv        Move or rename a file, a directory, or a symlink\n   restore   Restore working tree files\n   rm        Remove files from the working tree and from the index\n\nexamine the history and state (see also: git help revisions)\n   bisect    Use binary search to find the commit that introduced a bug\n   diff      Show changes between commits, commit and working tree, etc\n   grep      Print lines matching a pattern\n   log       Show commit logs\n   show      Show various types of objects\n   status    Show the working tree status\n\ngrow, mark and tweak your common history\n   branch    List, create, or delete branches\n   commit    Record changes to the repository\n   merge     Join two or more development histories together\n   rebase    Reapply commits on top of another base tip\n   reset     Reset current HEAD to the specified state\n   switch    Switch branches\n   tag       Create, list, delete or verify a tag object signed with GPG\n\ncollaborate (see also: git help workflows)\n   fetch     Download objects and refs from another repository\n   pull      Fetch from and integrate with another repository or a local branch\n   push      Update remote refs along with associated objects\n\n'git help -a' and 'git help -g' list available subcommands and some\nconcept guides. See 'git help <command>' or 'git help <concept>'\nto read about a specific subcommand or concept.\nSee 'git help git' for an overview of the system.\n""
18:56:28.719041 [debug] [MainThread]: STDERR: "b''"
18:56:28.738046 [debug] [MainThread]: Sending event: {'category': 'dbt', 'action': 'invocation', 'label': 'end', 'context': [<snowplow_tracker.self_describing_json.SelfDescribingJson object at 0x000001E5B4840CD0>, <snowplow_tracker.self_describing_json.SelfDescribingJson object at 0x000001E5B5532B90>, <snowplow_tracker.self_describing_json.SelfDescribingJson object at 0x000001E5B5533580>]}


============================== 2022-07-21 19:59:44.632924 | 8fc112b0-aa11-4df3-aa09-2e168e0780b6 ==============================
19:59:44.632924 [info ] [MainThread]: Running with dbt=1.1.1
19:59:44.634923 [debug] [MainThread]: running dbt with arguments {'write_json': True, 'use_colors': True, 'printer_width': 80, 'version_check': True, 'partial_parse': True, 'static_parser': True, 'profiles_dir': 'C:\\Users\\hp\\.dbt', 'send_anonymous_usage_stats': True, 'event_buffer_size': 100000, 'quiet': False, 'no_print': False, 'config_dir': False, 'which': 'debug', 'indirect_selection': 'eager'}
19:59:44.635925 [debug] [MainThread]: Tracking: tracking
19:59:44.711928 [debug] [MainThread]: Sending event: {'category': 'dbt', 'action': 'invocation', 'label': 'start', 'context': [<snowplow_tracker.self_describing_json.SelfDescribingJson object at 0x000001DB075411E0>, <snowplow_tracker.self_describing_json.SelfDescribingJson object at 0x000001DB07541A50>, <snowplow_tracker.self_describing_json.SelfDescribingJson object at 0x000001DB07541270>]}
19:59:46.263289 [debug] [MainThread]: Executing "git --help"
19:59:46.456286 [debug] [MainThread]: STDOUT: "b"usage: git [--version] [--help] [-C <path>] [-c <name>=<value>]\n           [--exec-path[=<path>]] [--html-path] [--man-path] [--info-path]\n           [-p | --paginate | -P | --no-pager] [--no-replace-objects] [--bare]\n           [--git-dir=<path>] [--work-tree=<path>] [--namespace=<name>]\n           [--super-prefix=<path>] [--config-env=<name>=<envvar>]\n           <command> [<args>]\n\nThese are common Git commands used in various situations:\n\nstart a working area (see also: git help tutorial)\n   clone     Clone a repository into a new directory\n   init      Create an empty Git repository or reinitialize an existing one\n\nwork on the current change (see also: git help everyday)\n   add       Add file contents to the index\n   mv        Move or rename a file, a directory, or a symlink\n   restore   Restore working tree files\n   rm        Remove files from the working tree and from the index\n\nexamine the history and state (see also: git help revisions)\n   bisect    Use binary search to find the commit that introduced a bug\n   diff      Show changes between commits, commit and working tree, etc\n   grep      Print lines matching a pattern\n   log       Show commit logs\n   show      Show various types of objects\n   status    Show the working tree status\n\ngrow, mark and tweak your common history\n   branch    List, create, or delete branches\n   commit    Record changes to the repository\n   merge     Join two or more development histories together\n   rebase    Reapply commits on top of another base tip\n   reset     Reset current HEAD to the specified state\n   switch    Switch branches\n   tag       Create, list, delete or verify a tag object signed with GPG\n\ncollaborate (see also: git help workflows)\n   fetch     Download objects and refs from another repository\n   pull      Fetch from and integrate with another repository or a local branch\n   push      Update remote refs along with associated objects\n\n'git help -a' and 'git help -g' list available subcommands and some\nconcept guides. See 'git help <command>' or 'git help <concept>'\nto read about a specific subcommand or concept.\nSee 'git help git' for an overview of the system.\n""
19:59:46.457288 [debug] [MainThread]: STDERR: "b''"
19:59:46.491285 [debug] [MainThread]: Sending event: {'category': 'dbt', 'action': 'invocation', 'label': 'end', 'context': [<snowplow_tracker.self_describing_json.SelfDescribingJson object at 0x000001DB0822EE90>, <snowplow_tracker.self_describing_json.SelfDescribingJson object at 0x000001DB0822F3A0>, <snowplow_tracker.self_describing_json.SelfDescribingJson object at 0x000001DB0822F340>]}


============================== 2022-07-21 20:01:33.554084 | 4ec94f6e-f49f-45b6-a2fb-b6c47585b1ab ==============================
20:01:33.554084 [info ] [MainThread]: Running with dbt=1.1.1
20:01:33.555084 [debug] [MainThread]: running dbt with arguments {'write_json': True, 'use_colors': True, 'printer_width': 80, 'version_check': True, 'partial_parse': True, 'static_parser': True, 'profiles_dir': 'C:\\Users\\hp\\.dbt', 'send_anonymous_usage_stats': True, 'event_buffer_size': 100000, 'quiet': False, 'no_print': False, 'config_dir': False, 'which': 'debug', 'indirect_selection': 'eager'}
20:01:33.556085 [debug] [MainThread]: Tracking: tracking
20:01:33.606085 [debug] [MainThread]: Sending event: {'category': 'dbt', 'action': 'invocation', 'label': 'start', 'context': [<snowplow_tracker.self_describing_json.SelfDescribingJson object at 0x000001C50DA00D30>, <snowplow_tracker.self_describing_json.SelfDescribingJson object at 0x000001C50DA01900>, <snowplow_tracker.self_describing_json.SelfDescribingJson object at 0x000001C50DA012D0>]}
20:01:34.608971 [debug] [MainThread]: Executing "git --help"
20:01:34.711974 [debug] [MainThread]: STDOUT: "b"usage: git [--version] [--help] [-C <path>] [-c <name>=<value>]\n           [--exec-path[=<path>]] [--html-path] [--man-path] [--info-path]\n           [-p | --paginate | -P | --no-pager] [--no-replace-objects] [--bare]\n           [--git-dir=<path>] [--work-tree=<path>] [--namespace=<name>]\n           [--super-prefix=<path>] [--config-env=<name>=<envvar>]\n           <command> [<args>]\n\nThese are common Git commands used in various situations:\n\nstart a working area (see also: git help tutorial)\n   clone     Clone a repository into a new directory\n   init      Create an empty Git repository or reinitialize an existing one\n\nwork on the current change (see also: git help everyday)\n   add       Add file contents to the index\n   mv        Move or rename a file, a directory, or a symlink\n   restore   Restore working tree files\n   rm        Remove files from the working tree and from the index\n\nexamine the history and state (see also: git help revisions)\n   bisect    Use binary search to find the commit that introduced a bug\n   diff      Show changes between commits, commit and working tree, etc\n   grep      Print lines matching a pattern\n   log       Show commit logs\n   show      Show various types of objects\n   status    Show the working tree status\n\ngrow, mark and tweak your common history\n   branch    List, create, or delete branches\n   commit    Record changes to the repository\n   merge     Join two or more development histories together\n   rebase    Reapply commits on top of another base tip\n   reset     Reset current HEAD to the specified state\n   switch    Switch branches\n   tag       Create, list, delete or verify a tag object signed with GPG\n\ncollaborate (see also: git help workflows)\n   fetch     Download objects and refs from another repository\n   pull      Fetch from and integrate with another repository or a local branch\n   push      Update remote refs along with associated objects\n\n'git help -a' and 'git help -g' list available subcommands and some\nconcept guides. See 'git help <command>' or 'git help <concept>'\nto read about a specific subcommand or concept.\nSee 'git help git' for an overview of the system.\n""
20:01:34.713972 [debug] [MainThread]: STDERR: "b''"
20:01:34.724973 [debug] [MainThread]: Sending event: {'category': 'dbt', 'action': 'invocation', 'label': 'end', 'context': [<snowplow_tracker.self_describing_json.SelfDescribingJson object at 0x000001C50E6EEB90>, <snowplow_tracker.self_describing_json.SelfDescribingJson object at 0x000001C50E6EF370>, <snowplow_tracker.self_describing_json.SelfDescribingJson object at 0x000001C50E6EF310>]}


============================== 2022-07-21 20:02:45.378140 | 0291ead4-3e7d-41d5-8b42-5c92b16cab04 ==============================
20:02:45.378140 [info ] [MainThread]: Running with dbt=1.1.1
20:02:45.383169 [debug] [MainThread]: running dbt with arguments {'write_json': True, 'use_colors': True, 'printer_width': 80, 'version_check': True, 'partial_parse': True, 'static_parser': True, 'profiles_dir': 'C:\\Users\\hp\\.dbt', 'send_anonymous_usage_stats': True, 'event_buffer_size': 100000, 'quiet': False, 'no_print': False, 'config_dir': False, 'which': 'debug', 'indirect_selection': 'eager'}
20:02:45.383681 [debug] [MainThread]: Tracking: tracking
20:02:45.437386 [debug] [MainThread]: Sending event: {'category': 'dbt', 'action': 'invocation', 'label': 'start', 'context': [<snowplow_tracker.self_describing_json.SelfDescribingJson object at 0x0000023770751300>, <snowplow_tracker.self_describing_json.SelfDescribingJson object at 0x00000237707519C0>, <snowplow_tracker.self_describing_json.SelfDescribingJson object at 0x0000023770751390>]}
20:02:46.368279 [debug] [MainThread]: Executing "git --help"
20:02:46.470271 [debug] [MainThread]: STDOUT: "b"usage: git [--version] [--help] [-C <path>] [-c <name>=<value>]\n           [--exec-path[=<path>]] [--html-path] [--man-path] [--info-path]\n           [-p | --paginate | -P | --no-pager] [--no-replace-objects] [--bare]\n           [--git-dir=<path>] [--work-tree=<path>] [--namespace=<name>]\n           [--super-prefix=<path>] [--config-env=<name>=<envvar>]\n           <command> [<args>]\n\nThese are common Git commands used in various situations:\n\nstart a working area (see also: git help tutorial)\n   clone     Clone a repository into a new directory\n   init      Create an empty Git repository or reinitialize an existing one\n\nwork on the current change (see also: git help everyday)\n   add       Add file contents to the index\n   mv        Move or rename a file, a directory, or a symlink\n   restore   Restore working tree files\n   rm        Remove files from the working tree and from the index\n\nexamine the history and state (see also: git help revisions)\n   bisect    Use binary search to find the commit that introduced a bug\n   diff      Show changes between commits, commit and working tree, etc\n   grep      Print lines matching a pattern\n   log       Show commit logs\n   show      Show various types of objects\n   status    Show the working tree status\n\ngrow, mark and tweak your common history\n   branch    List, create, or delete branches\n   commit    Record changes to the repository\n   merge     Join two or more development histories together\n   rebase    Reapply commits on top of another base tip\n   reset     Reset current HEAD to the specified state\n   switch    Switch branches\n   tag       Create, list, delete or verify a tag object signed with GPG\n\ncollaborate (see also: git help workflows)\n   fetch     Download objects and refs from another repository\n   pull      Fetch from and integrate with another repository or a local branch\n   push      Update remote refs along with associated objects\n\n'git help -a' and 'git help -g' list available subcommands and some\nconcept guides. See 'git help <command>' or 'git help <concept>'\nto read about a specific subcommand or concept.\nSee 'git help git' for an overview of the system.\n""
20:02:46.470271 [debug] [MainThread]: STDERR: "b''"
20:02:46.481295 [debug] [MainThread]: Acquiring new snowflake connection "debug"
20:02:46.483274 [debug] [MainThread]: Using snowflake connection "debug"
20:02:46.484271 [debug] [MainThread]: On debug: select 1 as id
20:02:46.485271 [debug] [MainThread]: Opening a new connection, currently in state init
20:02:48.728721 [debug] [MainThread]: Snowflake adapter: Got an error when attempting to open a snowflake connection. No retries attempted: '250001: Could not connect to Snowflake backend after 0 attempt(s).Aborting'
20:02:48.728721 [debug] [MainThread]: Snowflake adapter: Error running SQL: select 1 as id
20:02:48.728721 [debug] [MainThread]: Snowflake adapter: Rolling back transaction.
20:02:48.728721 [debug] [MainThread]: On debug: No close available on handle
20:02:48.745321 [debug] [MainThread]: Sending event: {'category': 'dbt', 'action': 'invocation', 'label': 'end', 'context': [<snowplow_tracker.self_describing_json.SelfDescribingJson object at 0x000002377143E830>, <snowplow_tracker.self_describing_json.SelfDescribingJson object at 0x0000023771439C00>, <snowplow_tracker.self_describing_json.SelfDescribingJson object at 0x0000023771439BA0>]}
20:02:50.108528 [debug] [MainThread]: Connection 'debug' was properly closed.


============================== 2022-07-22 08:15:31.958411 | 3cd620a0-5b45-47a3-aa05-f61ebc0847f6 ==============================
08:15:31.958411 [info ] [MainThread]: Running with dbt=1.1.1
08:15:31.963515 [debug] [MainThread]: running dbt with arguments {'write_json': True, 'use_colors': True, 'printer_width': 80, 'version_check': True, 'partial_parse': True, 'static_parser': True, 'profiles_dir': 'C:\\Users\\hp\\.dbt', 'send_anonymous_usage_stats': True, 'event_buffer_size': 100000, 'quiet': False, 'no_print': False, 'config_dir': False, 'which': 'debug', 'indirect_selection': 'eager'}
08:15:31.964823 [debug] [MainThread]: Tracking: tracking
08:15:32.026035 [debug] [MainThread]: Sending event: {'category': 'dbt', 'action': 'invocation', 'label': 'start', 'context': [<snowplow_tracker.self_describing_json.SelfDescribingJson object at 0x000001DAC49B11E0>, <snowplow_tracker.self_describing_json.SelfDescribingJson object at 0x000001DAC49B1A50>, <snowplow_tracker.self_describing_json.SelfDescribingJson object at 0x000001DAC49B1270>]}
08:15:34.140551 [debug] [MainThread]: Executing "git --help"
08:15:34.287617 [debug] [MainThread]: STDOUT: "b"usage: git [--version] [--help] [-C <path>] [-c <name>=<value>]\n           [--exec-path[=<path>]] [--html-path] [--man-path] [--info-path]\n           [-p | --paginate | -P | --no-pager] [--no-replace-objects] [--bare]\n           [--git-dir=<path>] [--work-tree=<path>] [--namespace=<name>]\n           [--super-prefix=<path>] [--config-env=<name>=<envvar>]\n           <command> [<args>]\n\nThese are common Git commands used in various situations:\n\nstart a working area (see also: git help tutorial)\n   clone     Clone a repository into a new directory\n   init      Create an empty Git repository or reinitialize an existing one\n\nwork on the current change (see also: git help everyday)\n   add       Add file contents to the index\n   mv        Move or rename a file, a directory, or a symlink\n   restore   Restore working tree files\n   rm        Remove files from the working tree and from the index\n\nexamine the history and state (see also: git help revisions)\n   bisect    Use binary search to find the commit that introduced a bug\n   diff      Show changes between commits, commit and working tree, etc\n   grep      Print lines matching a pattern\n   log       Show commit logs\n   show      Show various types of objects\n   status    Show the working tree status\n\ngrow, mark and tweak your common history\n   branch    List, create, or delete branches\n   commit    Record changes to the repository\n   merge     Join two or more development histories together\n   rebase    Reapply commits on top of another base tip\n   reset     Reset current HEAD to the specified state\n   switch    Switch branches\n   tag       Create, list, delete or verify a tag object signed with GPG\n\ncollaborate (see also: git help workflows)\n   fetch     Download objects and refs from another repository\n   pull      Fetch from and integrate with another repository or a local branch\n   push      Update remote refs along with associated objects\n\n'git help -a' and 'git help -g' list available subcommands and some\nconcept guides. See 'git help <command>' or 'git help <concept>'\nto read about a specific subcommand or concept.\nSee 'git help git' for an overview of the system.\n""
08:15:34.289258 [debug] [MainThread]: STDERR: "b''"
08:15:34.296285 [debug] [MainThread]: Acquiring new snowflake connection "debug"
08:15:34.299284 [debug] [MainThread]: Using snowflake connection "debug"
08:15:34.299284 [debug] [MainThread]: On debug: select 1 as id
08:15:34.299284 [debug] [MainThread]: Opening a new connection, currently in state init
08:15:36.670327 [debug] [MainThread]: Snowflake adapter: Got an error when attempting to open a snowflake connection. No retries attempted: '250001: Could not connect to Snowflake backend after 0 attempt(s).Aborting'
08:15:36.670327 [debug] [MainThread]: Snowflake adapter: Error running SQL: select 1 as id
08:15:36.670327 [debug] [MainThread]: Snowflake adapter: Rolling back transaction.
08:15:36.670327 [debug] [MainThread]: On debug: No close available on handle
08:15:36.688666 [debug] [MainThread]: Sending event: {'category': 'dbt', 'action': 'invocation', 'label': 'end', 'context': [<snowplow_tracker.self_describing_json.SelfDescribingJson object at 0x000001DAC568E8C0>, <snowplow_tracker.self_describing_json.SelfDescribingJson object at 0x000001DAC56A5B70>, <snowplow_tracker.self_describing_json.SelfDescribingJson object at 0x000001DAC56A5B10>]}
08:15:38.288577 [debug] [MainThread]: Connection 'debug' was properly closed.
